This is pdfTeX, Version 3.14159265-2.6-1.40.17 (TeX Live 2016) (preloaded format=pdflatex 2016.9.28)  1 AUG 2017 23:25
entering extended mode
 restricted \write18 enabled.
 file:line:error style messages enabled.
 %&-line parsing enabled.
**ton_caching-shixg-3.tex
(./ton_caching-shixg-3.tex
LaTeX2e <2016/03/31>
Babel <3.9r> and hyphenation patterns for 83 language(s) loaded.
(./IEEEtran.cls
Document Class: IEEEtran 2015/08/26 V1.8b by Michael Shell
-- See the "IEEEtran_HOWTO" manual for usage information.
-- http://www.michaelshell.org/tex/ieeetran/
\@IEEEtrantmpdimenA=\dimen102
\@IEEEtrantmpdimenB=\dimen103
\@IEEEtrantmpdimenC=\dimen104
\@IEEEtrantmpcountA=\count79
\@IEEEtrantmpcountB=\count80
\@IEEEtrantmpcountC=\count81
\@IEEEtrantmptoksA=\toks14
LaTeX Font Info:    Try loading font information for OT1+ptm on input line 503.

(/usr/local/texlive/2016/texmf-dist/tex/latex/psnfss/ot1ptm.fd
File: ot1ptm.fd 2001/06/04 font definitions for OT1/ptm.
)
-- Using 8.5in x 11in (letter) paper.
-- Using PDF output.
\@IEEEnormalsizeunitybaselineskip=\dimen105
-- This is a 10 point document.
\CLASSINFOnormalsizebaselineskip=\dimen106
\CLASSINFOnormalsizeunitybaselineskip=\dimen107
\IEEEnormaljot=\dimen108
LaTeX Font Info:    Font shape `OT1/ptm/bx/n' in size <5> not available
(Font)              Font shape `OT1/ptm/b/n' tried instead on input line 1090.
LaTeX Font Info:    Font shape `OT1/ptm/bx/it' in size <5> not available
(Font)              Font shape `OT1/ptm/b/it' tried instead on input line 1090.

LaTeX Font Info:    Font shape `OT1/ptm/bx/n' in size <7> not available
(Font)              Font shape `OT1/ptm/b/n' tried instead on input line 1090.
LaTeX Font Info:    Font shape `OT1/ptm/bx/it' in size <7> not available
(Font)              Font shape `OT1/ptm/b/it' tried instead on input line 1090.

LaTeX Font Info:    Font shape `OT1/ptm/bx/n' in size <8> not available
(Font)              Font shape `OT1/ptm/b/n' tried instead on input line 1090.
LaTeX Font Info:    Font shape `OT1/ptm/bx/it' in size <8> not available
(Font)              Font shape `OT1/ptm/b/it' tried instead on input line 1090.

LaTeX Font Info:    Font shape `OT1/ptm/bx/n' in size <9> not available
(Font)              Font shape `OT1/ptm/b/n' tried instead on input line 1090.
LaTeX Font Info:    Font shape `OT1/ptm/bx/it' in size <9> not available
(Font)              Font shape `OT1/ptm/b/it' tried instead on input line 1090.

LaTeX Font Info:    Font shape `OT1/ptm/bx/n' in size <10> not available
(Font)              Font shape `OT1/ptm/b/n' tried instead on input line 1090.
LaTeX Font Info:    Font shape `OT1/ptm/bx/it' in size <10> not available
(Font)              Font shape `OT1/ptm/b/it' tried instead on input line 1090.

LaTeX Font Info:    Font shape `OT1/ptm/bx/n' in size <11> not available
(Font)              Font shape `OT1/ptm/b/n' tried instead on input line 1090.
LaTeX Font Info:    Font shape `OT1/ptm/bx/it' in size <11> not available
(Font)              Font shape `OT1/ptm/b/it' tried instead on input line 1090.

LaTeX Font Info:    Font shape `OT1/ptm/bx/n' in size <12> not available
(Font)              Font shape `OT1/ptm/b/n' tried instead on input line 1090.
LaTeX Font Info:    Font shape `OT1/ptm/bx/it' in size <12> not available
(Font)              Font shape `OT1/ptm/b/it' tried instead on input line 1090.

LaTeX Font Info:    Font shape `OT1/ptm/bx/n' in size <17> not available
(Font)              Font shape `OT1/ptm/b/n' tried instead on input line 1090.
LaTeX Font Info:    Font shape `OT1/ptm/bx/it' in size <17> not available
(Font)              Font shape `OT1/ptm/b/it' tried instead on input line 1090.

LaTeX Font Info:    Font shape `OT1/ptm/bx/n' in size <20> not available
(Font)              Font shape `OT1/ptm/b/n' tried instead on input line 1090.
LaTeX Font Info:    Font shape `OT1/ptm/bx/it' in size <20> not available
(Font)              Font shape `OT1/ptm/b/it' tried instead on input line 1090.

LaTeX Font Info:    Font shape `OT1/ptm/bx/n' in size <24> not available
(Font)              Font shape `OT1/ptm/b/n' tried instead on input line 1090.
LaTeX Font Info:    Font shape `OT1/ptm/bx/it' in size <24> not available
(Font)              Font shape `OT1/ptm/b/it' tried instead on input line 1090.

\IEEEquantizedlength=\dimen109
\IEEEquantizedlengthdiff=\dimen110
\IEEEquantizedtextheightdiff=\dimen111
\IEEEilabelindentA=\dimen112
\IEEEilabelindentB=\dimen113
\IEEEilabelindent=\dimen114
\IEEEelabelindent=\dimen115
\IEEEdlabelindent=\dimen116
\IEEElabelindent=\dimen117
\IEEEiednormlabelsep=\dimen118
\IEEEiedmathlabelsep=\dimen119
\IEEEiedtopsep=\skip41
\c@section=\count82
\c@subsection=\count83
\c@subsubsection=\count84
\c@paragraph=\count85
\c@IEEEsubequation=\count86
\abovecaptionskip=\skip42
\belowcaptionskip=\skip43
\c@figure=\count87
\c@table=\count88
\@IEEEeqnnumcols=\count89
\@IEEEeqncolcnt=\count90
\@IEEEsubeqnnumrollback=\count91
\@IEEEquantizeheightA=\dimen120
\@IEEEquantizeheightB=\dimen121
\@IEEEquantizeheightC=\dimen122
\@IEEEquantizeprevdepth=\dimen123
\@IEEEquantizemultiple=\count92
\@IEEEquantizeboxA=\box26
\@IEEEtmpitemindent=\dimen124
\IEEEPARstartletwidth=\dimen125
\c@IEEEbiography=\count93
\@IEEEtranrubishbin=\box27
) (/usr/local/texlive/2016/texmf-dist/tex/latex/was/upgreek.sty
Package: upgreek 2003/02/12 v2.0 (WaS)
Package upgreek Info: Using Euler Roman for upright Greek on input line 31.
\symugrf@m=\mathgroup4
LaTeX Font Info:    Overwriting symbol font `ugrf@m' in version `bold'
(Font)                  U/eur/m/n --> U/eur/b/n on input line 38.
)
(/usr/local/texlive/2016/texmf-dist/tex/latex/cite/cite.sty
LaTeX Info: Redefining \cite on input line 302.
LaTeX Info: Redefining \nocite on input line 332.
Package: cite 2015/02/27  v 5.5
)
(/usr/local/texlive/2016/texmf-dist/tex/latex/graphics/graphicx.sty
Package: graphicx 2014/10/28 v1.0g Enhanced LaTeX Graphics (DPC,SPQR)

(/usr/local/texlive/2016/texmf-dist/tex/latex/graphics/keyval.sty
Package: keyval 2014/10/28 v1.15 key=value parser (DPC)
\KV@toks@=\toks15
)
(/usr/local/texlive/2016/texmf-dist/tex/latex/graphics/graphics.sty
Package: graphics 2016/05/09 v1.0r Standard LaTeX Graphics (DPC,SPQR)

(/usr/local/texlive/2016/texmf-dist/tex/latex/graphics/trig.sty
Package: trig 2016/01/03 v1.10 sin cos tan (DPC)
)
(/usr/local/texlive/2016/texmf-dist/tex/latex/graphics-cfg/graphics.cfg
File: graphics.cfg 2016/01/02 v1.10 sample graphics configuration
)
Package graphics Info: Driver file: pdftex.def on input line 96.

(/usr/local/texlive/2016/texmf-dist/tex/latex/pdftex-def/pdftex.def
File: pdftex.def 2011/05/27 v0.06d Graphics/color for pdfTeX

(/usr/local/texlive/2016/texmf-dist/tex/generic/oberdiek/infwarerr.sty
Package: infwarerr 2016/05/16 v1.4 Providing info/warning/error messages (HO)
)
(/usr/local/texlive/2016/texmf-dist/tex/generic/oberdiek/ltxcmds.sty
Package: ltxcmds 2016/05/16 v1.23 LaTeX kernel commands for general use (HO)
)
\Gread@gobject=\count94
))
\Gin@req@height=\dimen126
\Gin@req@width=\dimen127
)
(/usr/local/texlive/2016/texmf-dist/tex/latex/subfigure/subfigure.sty
Package: subfigure 2002/03/15 v2.1.5 subfigure package
\subfigtopskip=\skip44
\subfigcapskip=\skip45
\subfigcaptopadj=\dimen128
\subfigbottomskip=\skip46
\subfigcapmargin=\dimen129
\subfiglabelskip=\skip47
\c@subfigure=\count95
\c@lofdepth=\count96
\c@subtable=\count97
\c@lotdepth=\count98

****************************************
* Local config file subfigure.cfg used *
****************************************
(/usr/local/texlive/2016/texmf-dist/tex/latex/subfigure/subfigure.cfg)
\subfig@top=\skip48
\subfig@bottom=\skip49
)
(/usr/local/texlive/2016/texmf-dist/tex/latex/amsmath/amsmath.sty
Package: amsmath 2016/03/10 v2.15b AMS math features
\@mathmargin=\skip50

For additional information on amsmath, use the `?' option.
(/usr/local/texlive/2016/texmf-dist/tex/latex/amsmath/amstext.sty
Package: amstext 2000/06/29 v2.01 AMS text

(/usr/local/texlive/2016/texmf-dist/tex/latex/amsmath/amsgen.sty
File: amsgen.sty 1999/11/30 v2.0 generic functions
\@emptytoks=\toks16
\ex@=\dimen130
))
(/usr/local/texlive/2016/texmf-dist/tex/latex/amsmath/amsbsy.sty
Package: amsbsy 1999/11/29 v1.2d Bold Symbols
\pmbraise@=\dimen131
)
(/usr/local/texlive/2016/texmf-dist/tex/latex/amsmath/amsopn.sty
Package: amsopn 2016/03/08 v2.02 operator names
)
\inf@bad=\count99
LaTeX Info: Redefining \frac on input line 199.
\uproot@=\count100
\leftroot@=\count101
LaTeX Info: Redefining \overline on input line 297.
\classnum@=\count102
\DOTSCASE@=\count103
LaTeX Info: Redefining \ldots on input line 394.
LaTeX Info: Redefining \dots on input line 397.
LaTeX Info: Redefining \cdots on input line 518.
\Mathstrutbox@=\box28
\strutbox@=\box29
\big@size=\dimen132
LaTeX Font Info:    Redeclaring font encoding OML on input line 634.
LaTeX Font Info:    Redeclaring font encoding OMS on input line 635.
\macc@depth=\count104
\c@MaxMatrixCols=\count105
\dotsspace@=\muskip10
\c@parentequation=\count106
\dspbrk@lvl=\count107
\tag@help=\toks17
\row@=\count108
\column@=\count109
\maxfields@=\count110
\andhelp@=\toks18
\eqnshift@=\dimen133
\alignsep@=\dimen134
\tagshift@=\dimen135
\tagwidth@=\dimen136
\totwidth@=\dimen137
\lineht@=\dimen138
\@envbody=\toks19
\multlinegap=\skip51
\multlinetaggap=\skip52
\mathdisplay@stack=\toks20
LaTeX Info: Redefining \[ on input line 2739.
LaTeX Info: Redefining \] on input line 2740.
)
(/usr/local/texlive/2016/texmf-dist/tex/latex/amsfonts/amssymb.sty
Package: amssymb 2013/01/14 v3.01 AMS font symbols

(/usr/local/texlive/2016/texmf-dist/tex/latex/amsfonts/amsfonts.sty
Package: amsfonts 2013/01/14 v3.01 Basic AMSFonts support
\symAMSa=\mathgroup5
\symAMSb=\mathgroup6
LaTeX Font Info:    Overwriting math alphabet `\mathfrak' in version `bold'
(Font)                  U/euf/m/n --> U/euf/b/n on input line 106.
))
(/usr/local/texlive/2016/texmf-dist/tex/latex/oberdiek/epstopdf.sty
Package: epstopdf 2016/05/15 v2.6 Conversion with epstopdf on the fly (HO)

(/usr/local/texlive/2016/texmf-dist/tex/latex/oberdiek/epstopdf-base.sty
Package: epstopdf-base 2016/05/15 v2.6 Base part for package epstopdf

(/usr/local/texlive/2016/texmf-dist/tex/latex/oberdiek/grfext.sty
Package: grfext 2016/05/16 v1.2 Manage graphics extensions (HO)

(/usr/local/texlive/2016/texmf-dist/tex/generic/oberdiek/kvdefinekeys.sty
Package: kvdefinekeys 2016/05/16 v1.4 Define keys (HO)
))
(/usr/local/texlive/2016/texmf-dist/tex/latex/oberdiek/kvoptions.sty
Package: kvoptions 2016/05/16 v3.12 Key value format for package options (HO)

(/usr/local/texlive/2016/texmf-dist/tex/generic/oberdiek/kvsetkeys.sty
Package: kvsetkeys 2016/05/16 v1.17 Key value parser (HO)

(/usr/local/texlive/2016/texmf-dist/tex/generic/oberdiek/etexcmds.sty
Package: etexcmds 2016/05/16 v1.6 Avoid name clashes with e-TeX commands (HO)

(/usr/local/texlive/2016/texmf-dist/tex/generic/oberdiek/ifluatex.sty
Package: ifluatex 2016/05/16 v1.4 Provides the ifluatex switch (HO)
Package ifluatex Info: LuaTeX not detected.
)
Package etexcmds Info: Could not find \expanded.
(etexcmds)             That can mean that you are not using pdfTeX 1.50 or
(etexcmds)             that some package has redefined \expanded.
(etexcmds)             In the latter case, load this package earlier.
)))
(/usr/local/texlive/2016/texmf-dist/tex/generic/oberdiek/pdftexcmds.sty
Package: pdftexcmds 2016/05/10 v0.21 Utility functions of pdfTeX for LuaTeX (HO
)

(/usr/local/texlive/2016/texmf-dist/tex/generic/oberdiek/ifpdf.sty
Package: ifpdf 2016/05/14 v3.1 Provides the ifpdf switch
)
Package pdftexcmds Info: LuaTeX not detected.
Package pdftexcmds Info: \pdf@primitive is available.
Package pdftexcmds Info: \pdf@ifprimitive is available.
Package pdftexcmds Info: \pdfdraftmode found.
)
Package grfext Info: Graphics extension search list:
(grfext)             [.png,.pdf,.jpg,.mps,.jpeg,.jbig2,.jb2,.PNG,.PDF,.JPG,.JPE
G,.JBIG2,.JB2,.eps]
(grfext)             \AppendGraphicsExtensions on input line 456.

(/usr/local/texlive/2016/texmf-dist/tex/latex/latexconfig/epstopdf-sys.cfg
File: epstopdf-sys.cfg 2010/07/13 v1.3 Configuration of (r)epstopdf for TeX Liv
e
)))
(/usr/local/texlive/2016/texmf-dist/tex/latex/tabulary/tabulary.sty
Package: tabulary 2014/06/11 v0.10 tabulary package (DPC)

(/usr/local/texlive/2016/texmf-dist/tex/latex/tools/array.sty
Package: array 2014/10/28 v2.4c Tabular extension package (FMi)
\col@sep=\dimen139
\extrarowheight=\dimen140
\NC@list=\toks21
\extratabsurround=\skip53
\backup@length=\skip54
)
\TY@count=\count111
\TY@linewidth=\dimen141
\tymin=\dimen142
\tymax=\dimen143
\TY@tablewidth=\dimen144
)
(/usr/local/texlive/2016/texmf-dist/tex/latex/booktabs/booktabs.sty
Package: booktabs 2016/04/27 v1.618033 publication quality tables
\heavyrulewidth=\dimen145
\lightrulewidth=\dimen146
\cmidrulewidth=\dimen147
\belowrulesep=\dimen148
\belowbottomsep=\dimen149
\aboverulesep=\dimen150
\abovetopsep=\dimen151
\cmidrulesep=\dimen152
\cmidrulekern=\dimen153
\defaultaddspace=\dimen154
\@cmidla=\count112
\@cmidlb=\count113
\@aboverulesep=\dimen155
\@belowrulesep=\dimen156
\@thisruleclass=\count114
\@lastruleclass=\count115
\@thisrulewidth=\dimen157
)
(/usr/local/texlive/2016/texmf-dist/tex/latex/tools/longtable.sty
Package: longtable 2014/10/28 v4.11 Multi-page Table package (DPC)
\LTleft=\skip55
\LTright=\skip56
\LTpre=\skip57
\LTpost=\skip58
\LTchunksize=\count116
\LTcapwidth=\dimen158
\LT@head=\box30
\LT@firsthead=\box31
\LT@foot=\box32
\LT@lastfoot=\box33
\LT@cols=\count117
\LT@rows=\count118
\c@LT@tables=\count119
\c@LT@chunks=\count120
\LT@p@ftn=\toks22
)
(/usr/local/texlive/2016/texmf-dist/tex/latex/tools/tabularx.sty
Package: tabularx 2016/02/03 v2.11 `tabularx' package (DPC)
\TX@col@width=\dimen159
\TX@old@table=\dimen160
\TX@old@col=\dimen161
\TX@target=\dimen162
\TX@delta=\dimen163
\TX@cols=\count121
\TX@ftn=\toks23
)
(/usr/local/texlive/2016/texmf-dist/tex/latex/caption/caption.sty
Package: caption 2016/02/21 v3.3-144 Customizing captions (AR)

(/usr/local/texlive/2016/texmf-dist/tex/latex/caption/caption3.sty
Package: caption3 2016/02/04 v1.7-139 caption3 kernel (AR)
Package caption3 Info: TeX engine: e-TeX on input line 67.
\captionmargin=\dimen164
\captionmargin@=\dimen165
\captionwidth=\dimen166
\caption@tempdima=\dimen167
\caption@indent=\dimen168
\caption@parindent=\dimen169
\caption@hangindent=\dimen170
Package caption Info: Unknown document class (or package),
(caption)             standard defaults will be used.
)

Package caption Warning: Unsupported document class (or package) detected,
(caption)                usage of the caption package is not recommended.
See the caption package documentation for explanation.

Package caption Info: \@makecaption = \long macro:#1#2->\ifx \@captype \@IEEEta
blestring \footnotesize \bgroup \par \centering \@IEEEtabletopskipstrut {\norma
lfont \footnotesize #1}\\{\normalfont \footnotesize \scshape #2}\par \addvspace
 {0.5\baselineskip }\egroup \@IEEEtablecaptionsepspace \else \@IEEEfigurecaptio
nsepspace \setbox \@tempboxa \hbox {\normalfont \footnotesize {#1.}\nobreakspac
e \nobreakspace #2}\ifdim \wd \@tempboxa >\hsize \setbox \@tempboxa \hbox {\nor
malfont \footnotesize {#1.}\nobreakspace \nobreakspace }\parbox [t]{\hsize }{\n
ormalfont \footnotesize \noindent \unhbox \@tempboxa #2}\else \ifCLASSOPTIONcon
ference \hbox to\hsize {\normalfont \footnotesize \hfil \box \@tempboxa \hfil }
\else \hbox to\hsize {\normalfont \footnotesize \box \@tempboxa \hfil }\fi \fi 
\fi .
\c@ContinuedFloat=\count122
Package caption Info: longtable package is loaded.
(/usr/local/texlive/2016/texmf-dist/tex/latex/caption/ltcaption.sty
Package: ltcaption 2013/06/09 v1.4-94 longtable captions (AR)
)
Package caption Info: subfigure package is loaded.
)
(/usr/local/texlive/2016/texmf-dist/tex/latex/url/url.sty
\Urlmuskip=\muskip11
Package: url 2013/09/16  ver 3.4  Verb mode for urls, etc.
)
\c@definition=\count123
\c@lemma=\count124
\c@theorem=\count125
\c@proposition=\count126

(/usr/local/texlive/2016/texmf-dist/tex/latex/algorithms/algorithm.sty
Package: algorithm 2009/08/24 v0.1 Document Style `algorithm' - floating enviro
nment

(/usr/local/texlive/2016/texmf-dist/tex/latex/float/float.sty
Package: float 2001/11/08 v1.3d Float enhancements (AL)
\c@float@type=\count127
\float@exts=\toks24
\float@box=\box34
\@float@everytoks=\toks25
\@floatcapt=\box35
)
(/usr/local/texlive/2016/texmf-dist/tex/latex/base/ifthen.sty
Package: ifthen 2014/09/29 v1.1c Standard LaTeX ifthen package (DPC)
)
\@float@every@algorithm=\toks26
\c@algorithm=\count128
)
(/usr/local/texlive/2016/texmf-dist/tex/latex/algorithms/algorithmic.sty
Package: algorithmic 2009/08/24 v0.1 Document Style `algorithmic'
\c@ALC@unique=\count129
\c@ALC@line=\count130
\c@ALC@rem=\count131
\c@ALC@depth=\count132
\ALC@tlm=\skip59
\algorithmicindent=\skip60
)
(/usr/local/texlive/2016/texmf-dist/tex/latex/eqparbox/eqparbox.sty
Package: eqparbox 2013/03/15 v4.0 Create equal-widthed boxes
\eqp@tempdima=\skip61
\eqp@tempdimb=\skip62
\eqp@tabular@box=\box36
\eqp@list@box=\box37
\eqp@list@indent=\skip63

(/usr/local/texlive/2016/texmf-dist/tex/latex/environ/environ.sty
Package: environ 2014/05/04 v0.3 A new way to define environments

(/usr/local/texlive/2016/texmf-dist/tex/latex/trimspaces/trimspaces.sty
Package: trimspaces 2009/09/17 v1.1 Trim spaces around a token list
)))
(./ton_caching-shixg-3.aux)
\openout1 = `ton_caching-shixg-3.aux'.

LaTeX Font Info:    Checking defaults for OML/cmm/m/it on input line 162.
LaTeX Font Info:    ... okay on input line 162.
LaTeX Font Info:    Checking defaults for T1/cmr/m/n on input line 162.
LaTeX Font Info:    ... okay on input line 162.
LaTeX Font Info:    Checking defaults for OT1/cmr/m/n on input line 162.
LaTeX Font Info:    ... okay on input line 162.
LaTeX Font Info:    Checking defaults for OMS/cmsy/m/n on input line 162.
LaTeX Font Info:    ... okay on input line 162.
LaTeX Font Info:    Checking defaults for OMX/cmex/m/n on input line 162.
LaTeX Font Info:    ... okay on input line 162.
LaTeX Font Info:    Checking defaults for U/cmr/m/n on input line 162.
LaTeX Font Info:    ... okay on input line 162.

-- Lines per column: 56 (exact).
(/usr/local/texlive/2016/texmf-dist/tex/context/base/mkii/supp-pdf.mkii
[Loading MPS to PDF converter (version 2006.09.02).]
\scratchcounter=\count133
\scratchdimen=\dimen171
\scratchbox=\box38
\nofMPsegments=\count134
\nofMParguments=\count135
\everyMPshowfont=\toks27
\MPscratchCnt=\count136
\MPscratchDim=\dimen172
\MPnumerator=\count137
\makeMPintoPDFobject=\count138
\everyMPtoPDFconversion=\toks28
)
Package caption Info: Begin \AtBeginDocument code.
Package caption Info: float package is loaded.
Package caption Info: End \AtBeginDocument code.
LaTeX Font Info:    Try loading font information for U+msa on input line 182.
 (/usr/local/texlive/2016/texmf-dist/tex/latex/amsfonts/umsa.fd
File: umsa.fd 2013/01/14 v3.01 AMS symbols A
)
LaTeX Font Info:    Try loading font information for U+msb on input line 182.

(/usr/local/texlive/2016/texmf-dist/tex/latex/amsfonts/umsb.fd
File: umsb.fd 2013/01/14 v3.01 AMS symbols B
) [1{/usr/local/texlive/2016/texmf-var/fonts/map/pdftex/updmap/pdftex.map}


]
Package epstopdf Info: Source file: <./figs/motivation/motivation1.eps>
(epstopdf)                    date: 2017-07-26 15:34:31
(epstopdf)                    size: 30230 bytes
(epstopdf)             Output file: <./figs/motivation/motivation1-eps-converte
d-to.pdf>
(epstopdf)                    date: 2017-07-26 15:34:38
(epstopdf)                    size: 21456 bytes
(epstopdf)             Command: <repstopdf --outfile=./figs/motivation/motivati
on1-eps-converted-to.pdf ./figs/motivation/motivation1.eps>
(epstopdf)             \includegraphics on input line 276.
Package epstopdf Info: Output file is already uptodate.

<./figs/motivation/motivation1-eps-converted-to.pdf, id=11, 578.16pt x 433.62pt
>
File: ./figs/motivation/motivation1-eps-converted-to.pdf Graphic file (type pdf
)
 <use ./figs/motivation/motivation1-eps-converted-to.pdf>
Package pdftex.def Info: ./figs/motivation/motivation1-eps-converted-to.pdf use
d on input line 276.
(pdftex.def)             Requested size: 119.24506pt x 89.4286pt.
Package epstopdf Info: Source file: <./figs/motivation/motivation3.eps>
(epstopdf)                    date: 2017-07-26 15:39:03
(epstopdf)                    size: 30238 bytes
(epstopdf)             Output file: <./figs/motivation/motivation3-eps-converte
d-to.pdf>
(epstopdf)                    date: 2017-07-26 15:45:22
(epstopdf)                    size: 21458 bytes
(epstopdf)             Command: <repstopdf --outfile=./figs/motivation/motivati
on3-eps-converted-to.pdf ./figs/motivation/motivation3.eps>
(epstopdf)             \includegraphics on input line 278.
Package epstopdf Info: Output file is already uptodate.

<./figs/motivation/motivation3-eps-converted-to.pdf, id=12, 578.16pt x 433.62pt
>
File: ./figs/motivation/motivation3-eps-converted-to.pdf Graphic file (type pdf
)
 <use ./figs/motivation/motivation3-eps-converted-to.pdf>
Package pdftex.def Info: ./figs/motivation/motivation3-eps-converted-to.pdf use
d on input line 278.
(pdftex.def)             Requested size: 119.24506pt x 89.4286pt.
Package epstopdf Info: Source file: <./figs/motivation/motivation2.eps>
(epstopdf)                    date: 2017-07-25 15:24:28
(epstopdf)                    size: 24944 bytes
(epstopdf)             Output file: <./figs/motivation/motivation2-eps-converte
d-to.pdf>
(epstopdf)                    date: 2017-07-25 15:24:32
(epstopdf)                    size: 18038 bytes
(epstopdf)             Command: <repstopdf --outfile=./figs/motivation/motivati
on2-eps-converted-to.pdf ./figs/motivation/motivation2.eps>
(epstopdf)             \includegraphics on input line 280.
Package epstopdf Info: Output file is already uptodate.

<./figs/motivation/motivation2-eps-converted-to.pdf, id=13, 578.16pt x 433.62pt
>
File: ./figs/motivation/motivation2-eps-converted-to.pdf Graphic file (type pdf
)
 <use ./figs/motivation/motivation2-eps-converted-to.pdf>
Package pdftex.def Info: ./figs/motivation/motivation2-eps-converted-to.pdf use
d on input line 280.
(pdftex.def)             Requested size: 119.24506pt x 89.4286pt.
Package epstopdf Info: Source file: <./figs/motivation/motivation4.eps>
(epstopdf)                    date: 2017-07-25 15:24:18
(epstopdf)                    size: 24950 bytes
(epstopdf)             Output file: <./figs/motivation/motivation4-eps-converte
d-to.pdf>
(epstopdf)                    date: 2017-07-25 15:24:33
(epstopdf)                    size: 18035 bytes
(epstopdf)             Command: <repstopdf --outfile=./figs/motivation/motivati
on4-eps-converted-to.pdf ./figs/motivation/motivation4.eps>
(epstopdf)             \includegraphics on input line 282.
Package epstopdf Info: Output file is already uptodate.

<./figs/motivation/motivation4-eps-converted-to.pdf, id=14, 578.16pt x 433.62pt
>
File: ./figs/motivation/motivation4-eps-converted-to.pdf Graphic file (type pdf
)
 <use ./figs/motivation/motivation4-eps-converted-to.pdf>
Package pdftex.def Info: ./figs/motivation/motivation4-eps-converted-to.pdf use
d on input line 282.
(pdftex.def)             Requested size: 119.24506pt x 89.4286pt.


Package tabulary Warning: No suitable columns! on input line 309.


Overfull \hbox (12.20638pt too wide) in paragraph at lines 309--310
 [][] 
 []


Package tabulary Warning: No suitable columns! on input line 342.

[2]
Underfull \vbox (badness 10000) has occurred while \output is active []


Underfull \vbox (badness 1383) has occurred while \output is active []

 [3 <./figs/motivation/motivation1-eps-converted-to.pdf> <./figs/motivation/mot
ivation3-eps-converted-to.pdf> <./figs/motivation/motivation2-eps-converted-to.
pdf> <./figs/motivation/motivation4-eps-converted-to.pdf>] [4]
<./figs/background/system.pdf, id=207, 1027.84pt x 770.88pt>
File: ./figs/background/system.pdf Graphic file (type pdf)

<use ./figs/background/system.pdf>
Package pdftex.def Info: ./figs/background/system.pdf used on input line 786.
(pdftex.def)             Requested size: 201.60077pt x 151.19731pt.
 [5 <./figs/background/system.pdf>]
Package epstopdf Info: Source file: <./figs/evaluation/ex2/weight_real_type.eps
>
(epstopdf)                    date: 2017-07-31 15:00:01
(epstopdf)                    size: 48788 bytes
(epstopdf)             Output file: <./figs/evaluation/ex2/weight_real_type-eps
-converted-to.pdf>
(epstopdf)                    date: 2017-07-31 15:01:04
(epstopdf)                    size: 24604 bytes
(epstopdf)             Command: <repstopdf --outfile=./figs/evaluation/ex2/weig
ht_real_type-eps-converted-to.pdf ./figs/evaluation/ex2/weight_real_type.eps>
(epstopdf)             \includegraphics on input line 960.
Package epstopdf Info: Output file is already uptodate.

<./figs/evaluation/ex2/weight_real_type-eps-converted-to.pdf, id=224, 578.16pt 
x 433.62pt>
File: ./figs/evaluation/ex2/weight_real_type-eps-converted-to.pdf Graphic file 
(type pdf)
 <use ./figs/evaluation/ex2/weight_real_type-eps-converted-to.pdf>
Package pdftex.def Info: ./figs/evaluation/ex2/weight_real_type-eps-converted-t
o.pdf used on input line 960.
(pdftex.def)             Requested size: 115.63243pt x 86.72246pt.
Package epstopdf Info: Source file: <./figs/evaluation/ex2/weight_CDF_compare.e
ps>
(epstopdf)                    date: 2017-07-31 13:49:32
(epstopdf)                    size: 23848 bytes
(epstopdf)             Output file: <./figs/evaluation/ex2/weight_CDF_compare-e
ps-converted-to.pdf>
(epstopdf)                    date: 2017-07-31 13:50:21
(epstopdf)                    size: 16259 bytes
(epstopdf)             Command: <repstopdf --outfile=./figs/evaluation/ex2/weig
ht_CDF_compare-eps-converted-to.pdf ./figs/evaluation/ex2/weight_CDF_compare.ep
s>
(epstopdf)             \includegraphics on input line 962.
Package epstopdf Info: Output file is already uptodate.

<./figs/evaluation/ex2/weight_CDF_compare-eps-converted-to.pdf, id=225, 578.16p
t x 433.62pt>
File: ./figs/evaluation/ex2/weight_CDF_compare-eps-converted-to.pdf Graphic fil
e (type pdf)

<use ./figs/evaluation/ex2/weight_CDF_compare-eps-converted-to.pdf>
Package pdftex.def Info: ./figs/evaluation/ex2/weight_CDF_compare-eps-converted
-to.pdf used on input line 962.
(pdftex.def)             Requested size: 115.63243pt x 86.72246pt.
Package epstopdf Info: Source file: <./figs/evaluation/ex2/nfake1.eps>
(epstopdf)                    date: 2017-08-01 17:38:35
(epstopdf)                    size: 50755 bytes
(epstopdf)             Output file: <./figs/evaluation/ex2/nfake1-eps-converted
-to.pdf>
(epstopdf)                    date: 2017-08-01 17:39:37
(epstopdf)                    size: 26271 bytes
(epstopdf)             Command: <repstopdf --outfile=./figs/evaluation/ex2/nfak
e1-eps-converted-to.pdf ./figs/evaluation/ex2/nfake1.eps>
(epstopdf)             \includegraphics on input line 964.
Package epstopdf Info: Output file is already uptodate.

<./figs/evaluation/ex2/nfake1-eps-converted-to.pdf, id=226, 578.16pt x 433.62pt
>
File: ./figs/evaluation/ex2/nfake1-eps-converted-to.pdf Graphic file (type pdf)

 <use ./figs/evaluation/ex2/nfake1-eps-converted-to.pdf>
Package pdftex.def Info: ./figs/evaluation/ex2/nfake1-eps-converted-to.pdf used
 on input line 964.
(pdftex.def)             Requested size: 115.63243pt x 86.72246pt.
Package epstopdf Info: Source file: <./figs/evaluation/ex2/CDF_compare.eps>
(epstopdf)                    date: 2017-07-31 16:00:02
(epstopdf)                    size: 23439 bytes
(epstopdf)             Output file: <./figs/evaluation/ex2/CDF_compare-eps-conv
erted-to.pdf>
(epstopdf)                    date: 2017-07-31 16:00:25
(epstopdf)                    size: 15975 bytes
(epstopdf)             Command: <repstopdf --outfile=./figs/evaluation/ex2/CDF_
compare-eps-converted-to.pdf ./figs/evaluation/ex2/CDF_compare.eps>
(epstopdf)             \includegraphics on input line 966.
Package epstopdf Info: Output file is already uptodate.

<./figs/evaluation/ex2/CDF_compare-eps-converted-to.pdf, id=227, 578.16pt x 433
.62pt>
File: ./figs/evaluation/ex2/CDF_compare-eps-converted-to.pdf Graphic file (type
 pdf)
 <use ./figs/evaluation/ex2/CDF_compare-eps-converted-to.pdf>
Package pdftex.def Info: ./figs/evaluation/ex2/CDF_compare-eps-converted-to.pdf
 used on input line 966.
(pdftex.def)             Requested size: 115.63243pt x 86.72246pt.
Package epstopdf Info: Source file: <./figs/evaluation/ex1/evaluation_motivatio
n1.eps>
(epstopdf)                    date: 2017-07-31 17:48:43
(epstopdf)                    size: 28830 bytes
(epstopdf)             Output file: <./figs/evaluation/ex1/evaluation_motivatio
n1-eps-converted-to.pdf>
(epstopdf)                    date: 2017-07-31 17:48:50
(epstopdf)                    size: 19912 bytes
(epstopdf)             Command: <repstopdf --outfile=./figs/evaluation/ex1/eval
uation_motivation1-eps-converted-to.pdf ./figs/evaluation/ex1/evaluation_motiva
tion1.eps>
(epstopdf)             \includegraphics on input line 976.
Package epstopdf Info: Output file is already uptodate.

<./figs/evaluation/ex1/evaluation_motivation1-eps-converted-to.pdf, id=228, 578
.16pt x 433.62pt>
File: ./figs/evaluation/ex1/evaluation_motivation1-eps-converted-to.pdf Graphic
 file (type pdf)

<use ./figs/evaluation/ex1/evaluation_motivation1-eps-converted-to.pdf>
Package pdftex.def Info: ./figs/evaluation/ex1/evaluation_motivation1-eps-conve
rted-to.pdf used on input line 976.
(pdftex.def)             Requested size: 119.24506pt x 89.4286pt.
Package epstopdf Info: Source file: <./figs/evaluation/ex1/evaluation_motivatio
n2.eps>
(epstopdf)                    date: 2017-07-31 17:48:43
(epstopdf)                    size: 38621 bytes
(epstopdf)             Output file: <./figs/evaluation/ex1/evaluation_motivatio
n2-eps-converted-to.pdf>
(epstopdf)                    date: 2017-07-31 17:48:51
(epstopdf)                    size: 23724 bytes
(epstopdf)             Command: <repstopdf --outfile=./figs/evaluation/ex1/eval
uation_motivation2-eps-converted-to.pdf ./figs/evaluation/ex1/evaluation_motiva
tion2.eps>
(epstopdf)             \includegraphics on input line 978.
Package epstopdf Info: Output file is already uptodate.

<./figs/evaluation/ex1/evaluation_motivation2-eps-converted-to.pdf, id=229, 578
.16pt x 433.62pt>
File: ./figs/evaluation/ex1/evaluation_motivation2-eps-converted-to.pdf Graphic
 file (type pdf)

<use ./figs/evaluation/ex1/evaluation_motivation2-eps-converted-to.pdf>
Package pdftex.def Info: ./figs/evaluation/ex1/evaluation_motivation2-eps-conve
rted-to.pdf used on input line 978.
(pdftex.def)             Requested size: 119.24506pt x 89.4286pt.
Package epstopdf Info: Source file: <./figs/evaluation/ex1/evaluation_motivatio
n3.eps>
(epstopdf)                    date: 2017-07-31 17:48:44
(epstopdf)                    size: 28948 bytes
(epstopdf)             Output file: <./figs/evaluation/ex1/evaluation_motivatio
n3-eps-converted-to.pdf>
(epstopdf)                    date: 2017-07-31 17:48:51
(epstopdf)                    size: 19904 bytes
(epstopdf)             Command: <repstopdf --outfile=./figs/evaluation/ex1/eval
uation_motivation3-eps-converted-to.pdf ./figs/evaluation/ex1/evaluation_motiva
tion3.eps>
(epstopdf)             \includegraphics on input line 980.
Package epstopdf Info: Output file is already uptodate.

<./figs/evaluation/ex1/evaluation_motivation3-eps-converted-to.pdf, id=230, 578
.16pt x 433.62pt>
File: ./figs/evaluation/ex1/evaluation_motivation3-eps-converted-to.pdf Graphic
 file (type pdf)

<use ./figs/evaluation/ex1/evaluation_motivation3-eps-converted-to.pdf>
Package pdftex.def Info: ./figs/evaluation/ex1/evaluation_motivation3-eps-conve
rted-to.pdf used on input line 980.
(pdftex.def)             Requested size: 119.24506pt x 89.4286pt.
Package epstopdf Info: Source file: <./figs/evaluation/ex1/evaluation_motivatio
n4.eps>
(epstopdf)                    date: 2017-07-31 17:48:44
(epstopdf)                    size: 31903 bytes
(epstopdf)             Output file: <./figs/evaluation/ex1/evaluation_motivatio
n4-eps-converted-to.pdf>
(epstopdf)                    date: 2017-07-31 17:48:52
(epstopdf)                    size: 20511 bytes
(epstopdf)             Command: <repstopdf --outfile=./figs/evaluation/ex1/eval
uation_motivation4-eps-converted-to.pdf ./figs/evaluation/ex1/evaluation_motiva
tion4.eps>
(epstopdf)             \includegraphics on input line 982.
Package epstopdf Info: Output file is already uptodate.

<./figs/evaluation/ex1/evaluation_motivation4-eps-converted-to.pdf, id=231, 578
.16pt x 433.62pt>
File: ./figs/evaluation/ex1/evaluation_motivation4-eps-converted-to.pdf Graphic
 file (type pdf)

<use ./figs/evaluation/ex1/evaluation_motivation4-eps-converted-to.pdf>
Package pdftex.def Info: ./figs/evaluation/ex1/evaluation_motivation4-eps-conve
rted-to.pdf used on input line 982.
(pdftex.def)             Requested size: 119.24506pt x 89.4286pt.
Package epstopdf Info: Source file: <./figs/evaluation/ex3/fake7.eps>
(epstopdf)                    date: 2017-07-31 18:00:58
(epstopdf)                    size: 26421 bytes
(epstopdf)             Output file: <./figs/evaluation/ex3/fake7-eps-converted-
to.pdf>
(epstopdf)                    date: 2017-07-31 18:01:25
(epstopdf)                    size: 16206 bytes
(epstopdf)             Command: <repstopdf --outfile=./figs/evaluation/ex3/fake
7-eps-converted-to.pdf ./figs/evaluation/ex3/fake7.eps>
(epstopdf)             \includegraphics on input line 994.
Package epstopdf Info: Output file is already uptodate.

<./figs/evaluation/ex3/fake7-eps-converted-to.pdf, id=232, 578.16pt x 433.62pt>
File: ./figs/evaluation/ex3/fake7-eps-converted-to.pdf Graphic file (type pdf)
<use ./figs/evaluation/ex3/fake7-eps-converted-to.pdf>
Package pdftex.def Info: ./figs/evaluation/ex3/fake7-eps-converted-to.pdf used 
on input line 994.
(pdftex.def)             Requested size: 115.63243pt x 86.72246pt.
Package epstopdf Info: Source file: <./figs/evaluation/ex3/fake8.eps>
(epstopdf)                    date: 2017-07-31 18:00:58
(epstopdf)                    size: 25728 bytes
(epstopdf)             Output file: <./figs/evaluation/ex3/fake8-eps-converted-
to.pdf>
(epstopdf)                    date: 2017-07-31 18:01:24
(epstopdf)                    size: 16885 bytes
(epstopdf)             Command: <repstopdf --outfile=./figs/evaluation/ex3/fake
8-eps-converted-to.pdf ./figs/evaluation/ex3/fake8.eps>
(epstopdf)             \includegraphics on input line 996.
Package epstopdf Info: Output file is already uptodate.

<./figs/evaluation/ex3/fake8-eps-converted-to.pdf, id=233, 578.16pt x 433.62pt>
File: ./figs/evaluation/ex3/fake8-eps-converted-to.pdf Graphic file (type pdf)
<use ./figs/evaluation/ex3/fake8-eps-converted-to.pdf>
Package pdftex.def Info: ./figs/evaluation/ex3/fake8-eps-converted-to.pdf used 
on input line 996.
(pdftex.def)             Requested size: 115.63243pt x 86.72246pt.
 [6]
Package epstopdf Info: Source file: <./figs/performance/nfake5.eps>
(epstopdf)                    date: 2017-08-01 21:39:21
(epstopdf)                    size: 32110 bytes
(epstopdf)             Output file: <./figs/performance/nfake5-eps-converted-to
.pdf>
(epstopdf)                    date: 2017-08-01 21:43:53
(epstopdf)                    size: 18615 bytes
(epstopdf)             Command: <repstopdf --outfile=./figs/performance/nfake5-
eps-converted-to.pdf ./figs/performance/nfake5.eps>
(epstopdf)             \includegraphics on input line 1173.
Package epstopdf Info: Output file is already uptodate.

<./figs/performance/nfake5-eps-converted-to.pdf, id=237, 578.16pt x 433.62pt>
File: ./figs/performance/nfake5-eps-converted-to.pdf Graphic file (type pdf)

<use ./figs/performance/nfake5-eps-converted-to.pdf>
Package pdftex.def Info: ./figs/performance/nfake5-eps-converted-to.pdf used on
 input line 1173.
(pdftex.def)             Requested size: 151.76744pt x 113.82364pt.
Package epstopdf Info: Source file: <./figs/performance/nfake4.eps>
(epstopdf)                    date: 2017-08-01 21:39:21
(epstopdf)                    size: 33542 bytes
(epstopdf)             Output file: <./figs/performance/nfake4-eps-converted-to
.pdf>
(epstopdf)                    date: 2017-08-01 21:43:54
(epstopdf)                    size: 19465 bytes
(epstopdf)             Command: <repstopdf --outfile=./figs/performance/nfake4-
eps-converted-to.pdf ./figs/performance/nfake4.eps>
(epstopdf)             \includegraphics on input line 1175.
Package epstopdf Info: Output file is already uptodate.

<./figs/performance/nfake4-eps-converted-to.pdf, id=238, 578.16pt x 433.62pt>
File: ./figs/performance/nfake4-eps-converted-to.pdf Graphic file (type pdf)

<use ./figs/performance/nfake4-eps-converted-to.pdf>
Package pdftex.def Info: ./figs/performance/nfake4-eps-converted-to.pdf used on
 input line 1175.
(pdftex.def)             Requested size: 151.76744pt x 113.82364pt.

<./figs/performance/online_offline.pdf, id=239, 578.16pt x 433.62pt>
File: ./figs/performance/online_offline.pdf Graphic file (type pdf)

<use ./figs/performance/online_offline.pdf>
Package pdftex.def Info: ./figs/performance/online_offline.pdf used on input li
ne 1177.
(pdftex.def)             Requested size: 151.76744pt x 113.82364pt.
Package epstopdf Info: Source file: <./figs/evaluation/ex5/real1.eps>
(epstopdf)                    date: 2017-07-28 20:43:11
(epstopdf)                    size: 30143 bytes
(epstopdf)             Output file: <./figs/evaluation/ex5/real1-eps-converted-
to.pdf>
(epstopdf)                    date: 2017-07-28 20:43:15
(epstopdf)                    size: 20434 bytes
(epstopdf)             Command: <repstopdf --outfile=./figs/evaluation/ex5/real
1-eps-converted-to.pdf ./figs/evaluation/ex5/real1.eps>
(epstopdf)             \includegraphics on input line 1185.
Package epstopdf Info: Output file is already uptodate.

<./figs/evaluation/ex5/real1-eps-converted-to.pdf, id=240, 578.16pt x 433.62pt>
File: ./figs/evaluation/ex5/real1-eps-converted-to.pdf Graphic file (type pdf)
<use ./figs/evaluation/ex5/real1-eps-converted-to.pdf>
Package pdftex.def Info: ./figs/evaluation/ex5/real1-eps-converted-to.pdf used 
on input line 1185.
(pdftex.def)             Requested size: 119.24506pt x 89.4286pt.
Package epstopdf Info: Source file: <./figs/evaluation/ex5/real2.eps>
(epstopdf)                    date: 2017-07-28 20:43:11
(epstopdf)                    size: 30141 bytes
(epstopdf)             Output file: <./figs/evaluation/ex5/real2-eps-converted-
to.pdf>
(epstopdf)                    date: 2017-07-28 20:43:15
(epstopdf)                    size: 20441 bytes
(epstopdf)             Command: <repstopdf --outfile=./figs/evaluation/ex5/real
2-eps-converted-to.pdf ./figs/evaluation/ex5/real2.eps>
(epstopdf)             \includegraphics on input line 1187.
Package epstopdf Info: Output file is already uptodate.

<./figs/evaluation/ex5/real2-eps-converted-to.pdf, id=241, 578.16pt x 433.62pt>
File: ./figs/evaluation/ex5/real2-eps-converted-to.pdf Graphic file (type pdf)
<use ./figs/evaluation/ex5/real2-eps-converted-to.pdf>
Package pdftex.def Info: ./figs/evaluation/ex5/real2-eps-converted-to.pdf used 
on input line 1187.
(pdftex.def)             Requested size: 119.24506pt x 89.4286pt.
Package epstopdf Info: Source file: <./figs/evaluation/ex5/real3.eps>
(epstopdf)                    date: 2017-07-28 20:43:11
(epstopdf)                    size: 29427 bytes
(epstopdf)             Output file: <./figs/evaluation/ex5/real3-eps-converted-
to.pdf>
(epstopdf)                    date: 2017-07-28 20:43:16
(epstopdf)                    size: 20420 bytes
(epstopdf)             Command: <repstopdf --outfile=./figs/evaluation/ex5/real
3-eps-converted-to.pdf ./figs/evaluation/ex5/real3.eps>
(epstopdf)             \includegraphics on input line 1189.
Package epstopdf Info: Output file is already uptodate.

<./figs/evaluation/ex5/real3-eps-converted-to.pdf, id=242, 578.16pt x 433.62pt>
File: ./figs/evaluation/ex5/real3-eps-converted-to.pdf Graphic file (type pdf)
<use ./figs/evaluation/ex5/real3-eps-converted-to.pdf>
Package pdftex.def Info: ./figs/evaluation/ex5/real3-eps-converted-to.pdf used 
on input line 1189.
(pdftex.def)             Requested size: 119.24506pt x 89.4286pt.
Package epstopdf Info: Source file: <./figs/evaluation/ex5/real4.eps>
(epstopdf)                    date: 2017-07-28 20:43:11
(epstopdf)                    size: 29431 bytes
(epstopdf)             Output file: <./figs/evaluation/ex5/real4-eps-converted-
to.pdf>
(epstopdf)                    date: 2017-07-28 20:43:16
(epstopdf)                    size: 20422 bytes
(epstopdf)             Command: <repstopdf --outfile=./figs/evaluation/ex5/real
4-eps-converted-to.pdf ./figs/evaluation/ex5/real4.eps>
(epstopdf)             \includegraphics on input line 1191.
Package epstopdf Info: Output file is already uptodate.

<./figs/evaluation/ex5/real4-eps-converted-to.pdf, id=243, 578.16pt x 433.62pt>
File: ./figs/evaluation/ex5/real4-eps-converted-to.pdf Graphic file (type pdf)
<use ./figs/evaluation/ex5/real4-eps-converted-to.pdf>
Package pdftex.def Info: ./figs/evaluation/ex5/real4-eps-converted-to.pdf used 
on input line 1191.
(pdftex.def)             Requested size: 119.24506pt x 89.4286pt.
Package epstopdf Info: Source file: <./figs/fake/fake2.eps>
(epstopdf)                    date: 2017-07-29 16:09:39
(epstopdf)                    size: 35135 bytes
(epstopdf)             Output file: <./figs/fake/fake2-eps-converted-to.pdf>
(epstopdf)                    date: 2017-07-29 16:11:23
(epstopdf)                    size: 20911 bytes
(epstopdf)             Command: <repstopdf --outfile=./figs/fake/fake2-eps-conv
erted-to.pdf ./figs/fake/fake2.eps>
(epstopdf)             \includegraphics on input line 1202.
Package epstopdf Info: Output file is already uptodate.

<./figs/fake/fake2-eps-converted-to.pdf, id=244, 578.16pt x 433.62pt>
File: ./figs/fake/fake2-eps-converted-to.pdf Graphic file (type pdf)

<use ./figs/fake/fake2-eps-converted-to.pdf>
Package pdftex.def Info: ./figs/fake/fake2-eps-converted-to.pdf used on input l
ine 1202.
(pdftex.def)             Requested size: 151.76744pt x 113.82364pt.
Package epstopdf Info: Source file: <./figs/fake/fake5.eps>
(epstopdf)                    date: 2017-07-29 16:09:39
(epstopdf)                    size: 21718 bytes
(epstopdf)             Output file: <./figs/fake/fake5-eps-converted-to.pdf>
(epstopdf)                    date: 2017-07-29 16:11:23
(epstopdf)                    size: 15742 bytes
(epstopdf)             Command: <repstopdf --outfile=./figs/fake/fake5-eps-conv
erted-to.pdf ./figs/fake/fake5.eps>
(epstopdf)             \includegraphics on input line 1204.
Package epstopdf Info: Output file is already uptodate.

<./figs/fake/fake5-eps-converted-to.pdf, id=245, 578.16pt x 433.62pt>
File: ./figs/fake/fake5-eps-converted-to.pdf Graphic file (type pdf)

<use ./figs/fake/fake5-eps-converted-to.pdf>
Package pdftex.def Info: ./figs/fake/fake5-eps-converted-to.pdf used on input l
ine 1204.
(pdftex.def)             Requested size: 151.76744pt x 113.82364pt.
Package epstopdf Info: Source file: <./figs/fake/fake3.eps>
(epstopdf)                    date: 2017-07-29 16:09:39
(epstopdf)                    size: 27487 bytes
(epstopdf)             Output file: <./figs/fake/fake3-eps-converted-to.pdf>
(epstopdf)                    date: 2017-07-29 16:11:23
(epstopdf)                    size: 17009 bytes
(epstopdf)             Command: <repstopdf --outfile=./figs/fake/fake3-eps-conv
erted-to.pdf ./figs/fake/fake3.eps>
(epstopdf)             \includegraphics on input line 1206.
Package epstopdf Info: Output file is already uptodate.

<./figs/fake/fake3-eps-converted-to.pdf, id=246, 578.16pt x 433.62pt>
File: ./figs/fake/fake3-eps-converted-to.pdf Graphic file (type pdf)

<use ./figs/fake/fake3-eps-converted-to.pdf>
Package pdftex.def Info: ./figs/fake/fake3-eps-converted-to.pdf used on input l
ine 1206.
(pdftex.def)             Requested size: 151.76744pt x 113.82364pt.
 [7 <./figs/evaluation/ex2/weight_real_type-eps-converted-to.pdf> <./figs/evalu
ation/ex2/weight_CDF_compare-eps-converted-to.pdf> <./figs/evaluation/ex2/nfake
1-eps-converted-to.pdf> <./figs/evaluation/ex2/CDF_compare-eps-converted-to.pdf
> <./figs/evaluation/ex1/evaluation_motivation1-eps-converted-to.pdf> <./figs/e
valuation/ex1/evaluation_motivation2-eps-converted-to.pdf> <./figs/evaluation/e
x1/evaluation_motivation3-eps-converted-to.pdf> <./figs/evaluation/ex1/evaluati
on_motivation4-eps-converted-to.pdf> <./figs/evaluation/ex3/fake7-eps-converted
-to.pdf> <./figs/evaluation/ex3/fake8-eps-converted-to.pdf>]
Underfull \vbox (badness 1057) has occurred while \output is active []

 [8 <./figs/performance/nfake5-eps-converted-to.pdf> <./figs/performance/nfake4
-eps-converted-to.pdf> <./figs/performance/online_offline.pdf> <./figs/evaluati
on/ex5/real1-eps-converted-to.pdf> <./figs/evaluation/ex5/real2-eps-converted-t
o.pdf> <./figs/evaluation/ex5/real3-eps-converted-to.pdf> <./figs/evaluation/ex
5/real4-eps-converted-to.pdf> <./figs/fake/fake2-eps-converted-to.pdf> <./figs/
fake/fake5-eps-converted-to.pdf> <./figs/fake/fake3-eps-converted-to.pdf>]
(./ton_caching-shixg-3.bbl
Missing character: There is no â in font ptmr7t!
Missing character: There is no ‹ in font ptmr7t!
Missing character: There is no † in font ptmr7t!
Missing character: There is no â in font ptmr7t!
Missing character: There is no € in font ptmr7t!
Missing character: There is no ” in font ptmr7t!
)

** Conference Paper **
Before submitting the final camera ready copy, remember to:

 1. Manually equalize the lengths of two columns on the last page
 of your paper;

 2. Ensure that any PostScript and/or PDF output post-processing
 uses only Type 1 fonts and that every step in the generation
 process uses the appropriate paper size.

[9] (./ton_caching-shixg-3.aux) ) 
Here is how much of TeX's memory you used:
 5630 strings out of 493014
 89515 string characters out of 6133351
 161966 words of memory out of 5000000
 9021 multiletter control sequences out of 15000+600000
 45955 words of font info for 99 fonts, out of 8000000 for 9000
 1141 hyphenation exceptions out of 8191
 42i,8n,39p,1627b,546s stack positions out of 5000i,500n,10000p,200000b,80000s
{/usr/local/texlive/2016/texmf-dist/fonts/enc/
dvips/base/8r.enc}</usr/local/texlive/2016/texmf-dist/fonts/type1/public/amsfon
ts/cm/cmex10.pfb></usr/local/texlive/2016/texmf-dist/fonts/type1/public/amsfont
s/cm/cmmi10.pfb></usr/local/texlive/2016/texmf-dist/fonts/type1/public/amsfonts
/cm/cmmi5.pfb></usr/local/texlive/2016/texmf-dist/fonts/type1/public/amsfonts/c
m/cmmi7.pfb></usr/local/texlive/2016/texmf-dist/fonts/type1/public/amsfonts/cm/
cmr10.pfb></usr/local/texlive/2016/texmf-dist/fonts/type1/public/amsfonts/cm/cm
r7.pfb></usr/local/texlive/2016/texmf-dist/fonts/type1/public/amsfonts/cm/cmsy1
0.pfb></usr/local/texlive/2016/texmf-dist/fonts/type1/public/amsfonts/cm/cmsy5.
pfb></usr/local/texlive/2016/texmf-dist/fonts/type1/public/amsfonts/cm/cmsy7.pf
b></usr/local/texlive/2016/texmf-dist/fonts/type1/public/amsfonts/cm/cmsy8.pfb>
</usr/local/texlive/2016/texmf-dist/fonts/type1/public/amsfonts/cm/cmsy9.pfb></
usr/local/texlive/2016/texmf-dist/fonts/type1/urw/times/utmb8a.pfb></usr/local/
texlive/2016/texmf-dist/fonts/type1/urw/times/utmbi8a.pfb></usr/local/texlive/2
016/texmf-dist/fonts/type1/urw/times/utmr8a.pfb></usr/local/texlive/2016/texmf-
dist/fonts/type1/urw/times/utmri8a.pfb>
Output written on ton_caching-shixg-3.pdf (9 pages, 608121 bytes).
PDF statistics:
 1147 PDF objects out of 1200 (max. 8388607)
 217 compressed objects within 3 object streams
 0 named destinations out of 1000 (max. 500000)
 126 words of extra memory for PDF output out of 10000 (max. 10000000)

